Trace init() for 'traceinit.go' - 00:00:00.000
Trace init() for './modules/log/colors.go' - 00:00:00.033
Trace init() for './modules/log/conn.go' - 00:00:00.041
Trace init() for './modules/log/console.go' - 00:00:00.061
Trace init() for './modules/log/file.go' - 00:00:00.067
Trace init() for './modules/log/log.go' - 00:00:00.073
Trace init() for './modules/log/smtp.go' - 00:00:00.082
Trace init() for './vendor/github.com/unknwon/com/regex.go' - 00:00:00.186
Trace init() for './vendor/golang.org/x/crypto/curve25519/curve25519.go' - 00:00:00.229
Trace init() for './vendor/golang.org/x/crypto/ssh/kex.go' - 00:00:00.240
Trace init() for './vendor/golang.org/x/crypto/ssh/ssh_gss.go' - 00:00:00.373
Trace init() for './vendor/github.com/kevinburke/ssh_config/config.go' - 00:00:00.394
Trace init() for './vendor/github.com/gobwas/glob/match/segments.go' - 00:00:00.429
Trace init() for './vendor/gopkg.in/ini.v1/ini.go' - 00:00:00.435
Trace init() for './modules/setting/database_sqlite.go' - 00:00:00.441
Trace init() for './modules/setting/setting.go' - 00:00:00.448
Trace init() for './vendor/github.com/syndtr/goleveldb/leveldb/key.go' - 00:00:00.460
Trace init() for './vendor/xorm.io/xorm/dialects/dialect.go' - 00:00:00.475
Trace init() for './vendor/xorm.io/xorm/tags/tag.go' - 00:00:00.481
Trace init() for './vendor/gitea.com/macaron/macaron/logger.go' - 00:00:00.515
Trace init() for './vendor/gitea.com/macaron/macaron/macaron.go' - 00:00:00.521
Trace init() for './vendor/gitea.com/macaron/cache/file.go' - 00:00:00.527
Trace init() for './vendor/gitea.com/macaron/cache/memory.go' - 00:00:00.533
Trace init() for './vendor/gitea.com/macaron/cache/memcache/memcache.go' - 00:00:00.539
Trace init() for './vendor/gitea.com/macaron/cache/redis/redis.go' - 00:00:00.545
Trace init() for './vendor/gopkg.in/yaml.v2/resolve.go' - 00:00:00.552
Trace init() for './vendor/github.com/markbates/goth/user.go' - 00:00:00.563
Trace init() for './modules/emoji/emoji.go' - 00:00:00.571
Trace init() for './vendor/github.com/gorilla/css/scanner/scanner.go' - 00:00:00.587
Trace init() for './modules/markup/markdown/markdown.go' - 00:00:00.595
Trace init() for './vendor/github.com/gorilla/sessions/sessions.go' - 00:00:00.600
Trace init() for './vendor/github.com/markbates/goth/gothic/gothic.go' - 00:00:00.613
Trace init() for './vendor/github.com/lib/pq/conn.go' - 00:00:00.619
Trace init() for './vendor/golang.org/x/crypto/md4/md4.go' - 00:00:00.625
Trace init() for './vendor/golang.org/x/sys/cpu/cpu_x86.go' - 00:00:00.634
Trace init() for './vendor/golang.org/x/crypto/blake2b/blake2bAVX2_amd64.go' - 00:00:00.640
Trace init() for './vendor/golang.org/x/crypto/blake2b/register.go' - 00:00:00.646
Trace init() for './vendor/golang.org/x/crypto/argon2/blamka_amd64.go' - 00:00:00.652
Trace init() for './models/issue.go' - 00:00:00.658
Trace init() for './models/models.go' - 00:00:00.664
Trace init() for './models/topic.go' - 00:00:00.670
Trace init() for './vendor/golang.org/x/text/internal/language/compact/compact.go' - 00:00:00.693
Trace init() for './vendor/golang.org/x/text/language/match.go' - 00:00:00.698
Trace init() for './vendor/golang.org/x/text/encoding/japanese/eucjp.go' - 00:00:00.705
Trace init() for './vendor/golang.org/x/text/encoding/korean/euckr.go' - 00:00:00.711
Trace init() for './vendor/golang.org/x/text/encoding/simplifiedchinese/gbk.go' - 00:00:00.717
Trace init() for './vendor/golang.org/x/text/encoding/traditionalchinese/big5.go' - 00:00:00.729
Trace init() for './vendor/github.com/blevesearch/bleve/size/sizes.go' - 00:00:00.735
Trace init() for './vendor/github.com/blevesearch/bleve/analysis/freq.go' - 00:00:00.744
Trace init() for './vendor/github.com/blevesearch/bleve/geo/sloppy.go' - 00:00:00.750
Trace init() for './vendor/github.com/blevesearch/bleve/document/document.go' - 00:00:00.757
Trace init() for './vendor/github.com/blevesearch/bleve/document/field_boolean.go' - 00:00:00.763
Trace init() for './vendor/github.com/blevesearch/bleve/document/field_composite.go' - 00:00:00.769
Trace init() for './vendor/github.com/blevesearch/bleve/document/field_datetime.go' - 00:00:00.774
Trace init() for './vendor/github.com/blevesearch/bleve/document/field_geopoint.go' - 00:00:00.789
Trace init() for './vendor/github.com/blevesearch/bleve/document/field_numeric.go' - 00:00:00.795
Trace init() for './vendor/github.com/blevesearch/bleve/document/field_text.go' - 00:00:00.803
Trace init() for './vendor/github.com/blevesearch/bleve/index/analysis.go' - 00:00:00.809
Trace init() for './vendor/github.com/blevesearch/bleve/index/index.go' - 00:00:00.815
Trace init() for './vendor/github.com/blevesearch/bleve/search/explanation.go' - 00:00:00.821
Trace init() for './vendor/github.com/blevesearch/bleve/search/facets_builder.go' - 00:00:00.827
Trace init() for './vendor/github.com/blevesearch/bleve/search/pool.go' - 00:00:00.835
Trace init() for './vendor/github.com/blevesearch/bleve/search/search.go' - 00:00:00.841
Trace init() for './vendor/github.com/blevesearch/bleve/index/store/gtreap/store.go' - 00:00:00.847
Trace init() for './vendor/google.golang.org/protobuf/proto/proto.go' - 00:00:00.853
Trace init() for './vendor/github.com/blevesearch/bleve/index/upsidedown/index_reader.go' - 00:00:00.863
Trace init() for './vendor/github.com/blevesearch/bleve/index/upsidedown/reader.go' - 00:00:00.880
Trace init() for './vendor/github.com/blevesearch/bleve/index/upsidedown/row.go' - 00:00:00.886
Trace init() for './vendor/github.com/blevesearch/bleve/index/upsidedown/row_merge.go' - 00:00:00.901
Trace init() for './vendor/github.com/blevesearch/bleve/index/upsidedown/upsidedown.go' - 00:00:00.907
Trace init() for './vendor/github.com/blevesearch/bleve/search/highlight/format/html/html.go' - 00:00:00.913
Trace init() for './vendor/github.com/blevesearch/bleve/search/highlight/fragmenter/simple/simple.go' - 00:00:00.919
Trace init() for './vendor/github.com/blevesearch/bleve/search/highlight/highlighter/simple/highlighter_simple.go' - 00:00:00.929
Trace init() for './vendor/github.com/blevesearch/bleve/search/highlight/highlighter/html/html.go' - 00:00:00.935
Trace init() for './vendor/github.com/tinylib/msgp/msgp/elsize.go' - 00:00:00.941
Trace init() for './vendor/github.com/tinylib/msgp/msgp/json.go' - 00:00:00.947
Trace init() for './vendor/github.com/tinylib/msgp/msgp/json_bytes.go' - 00:00:00.956
Trace init() for './vendor/github.com/couchbase/vellum/decoder_v1.go' - 00:00:00.962
Trace init() for './vendor/github.com/couchbase/vellum/encoder_v1.go' - 00:00:00.968
Trace init() for './vendor/github.com/blevesearch/bleve/index/scorch/segment/zap/contentcoder.go' - 00:00:00.974
Trace init() for './vendor/github.com/blevesearch/bleve/index/scorch/segment/zap/docvalues.go' - 00:00:00.980
Trace init() for './vendor/github.com/blevesearch/bleve/index/scorch/segment/zap/posting.go' - 00:00:00.986
Trace init() for './vendor/github.com/blevesearch/bleve/index/scorch/segment/zap/segment.go' - 00:00:00.991
Trace init() for './vendor/github.com/blevesearch/bleve/index/scorch/scorch.go' - 00:00:00.997
Trace init() for './vendor/github.com/blevesearch/bleve/index/scorch/snapshot_index.go' - 00:00:01.009
Trace init() for './vendor/github.com/blevesearch/bleve/index/scorch/snapshot_index_doc.go' - 00:00:01.022
Trace init() for './vendor/github.com/blevesearch/bleve/index/scorch/snapshot_index_tfr.go' - 00:00:01.028
Trace init() for './vendor/github.com/blevesearch/bleve/index/store/boltdb/store.go' - 00:00:01.034
Trace init() for './vendor/github.com/blevesearch/bleve/analysis/token/lowercase/lowercase.go' - 00:00:01.054
Trace init() for './vendor/github.com/blevesearch/bleve/analysis/token/porter/porter.go' - 00:00:01.060
Trace init() for './vendor/github.com/blevesearch/bleve/analysis/tokenizer/unicode/unicode.go' - 00:00:01.065
Trace init() for './vendor/github.com/blevesearch/bleve/analysis/token/stop/stop.go' - 00:00:01.075
Trace init() for './vendor/github.com/blevesearch/bleve/analysis/lang/en/analyzer_en.go' - 00:00:01.081
Trace init() for './vendor/github.com/blevesearch/bleve/analysis/lang/en/possessive_filter_en.go' - 00:00:01.091
Trace init() for './vendor/github.com/blevesearch/bleve/analysis/lang/en/stop_filter_en.go' - 00:00:01.101
Trace init() for './vendor/github.com/blevesearch/bleve/analysis/lang/en/stop_words_en.go' - 00:00:01.107
Trace init() for './vendor/github.com/blevesearch/bleve/analysis/analyzer/standard/standard.go' - 00:00:01.113
Trace init() for './vendor/github.com/blevesearch/bleve/analysis/datetime/flexible/flexible.go' - 00:00:01.118
Trace init() for './vendor/github.com/blevesearch/bleve/analysis/datetime/optional/optional.go' - 00:00:01.128
Trace init() for './vendor/github.com/blevesearch/bleve/search/collector/topn.go' - 00:00:01.144
Trace init() for './vendor/github.com/blevesearch/bleve/search/facet/facet_builder_datetime.go' - 00:00:01.150
Trace init() for './vendor/github.com/blevesearch/bleve/search/facet/facet_builder_numeric.go' - 00:00:01.156
Trace init() for './vendor/github.com/blevesearch/bleve/search/facet/facet_builder_terms.go' - 00:00:01.162
Trace init() for './vendor/github.com/blevesearch/bleve/search/scorer/scorer_conjunction.go' - 00:00:01.171
Trace init() for './vendor/github.com/blevesearch/bleve/search/scorer/scorer_constant.go' - 00:00:01.177
Trace init() for './vendor/github.com/blevesearch/bleve/search/scorer/scorer_disjunction.go' - 00:00:01.182
Trace init() for './vendor/github.com/blevesearch/bleve/search/scorer/scorer_term.go' - 00:00:01.189
Trace init() for './vendor/github.com/blevesearch/bleve/search/scorer/sqrt_cache.go' - 00:00:01.202
Trace init() for './vendor/github.com/blevesearch/bleve/search/searcher/search_boolean.go' - 00:00:01.208
Trace init() for './vendor/github.com/blevesearch/bleve/search/searcher/search_conjunction.go' - 00:00:01.214
Trace init() for './vendor/github.com/blevesearch/bleve/search/searcher/search_disjunction_heap.go' - 00:00:01.224
Trace init() for './vendor/github.com/blevesearch/bleve/search/searcher/search_disjunction_slice.go' - 00:00:01.231
Trace init() for './vendor/github.com/blevesearch/bleve/search/searcher/search_docid.go' - 00:00:01.245
Trace init() for './vendor/github.com/blevesearch/bleve/search/searcher/search_filter.go' - 00:00:01.251
Trace init() for './vendor/github.com/blevesearch/bleve/search/searcher/search_match_all.go' - 00:00:01.257
Trace init() for './vendor/github.com/blevesearch/bleve/search/searcher/search_match_none.go' - 00:00:01.273
Trace init() for './vendor/github.com/blevesearch/bleve/search/searcher/search_phrase.go' - 00:00:01.281
Trace init() for './vendor/github.com/blevesearch/bleve/search/searcher/search_term.go' - 00:00:01.286
Trace init() for './vendor/github.com/blevesearch/bleve/search/query/date_range.go' - 00:00:01.292
Trace init() for './vendor/github.com/blevesearch/bleve/config.go' - 00:00:01.302
Trace init() for './vendor/github.com/blevesearch/bleve/index_impl.go' - 00:00:01.307
Trace init() for './vendor/github.com/blevesearch/bleve/search.go' - 00:00:01.314
Trace init() for './vendor/github.com/blevesearch/bleve/analysis/analyzer/custom/custom.go' - 00:00:01.320
Trace init() for './vendor/github.com/blevesearch/bleve/analysis/tokenizer/single/single.go' - 00:00:01.330
Trace init() for './vendor/github.com/blevesearch/bleve/analysis/analyzer/keyword/keyword.go' - 00:00:01.335
Trace init() for './vendor/github.com/blevesearch/bleve/analysis/token/unicodenorm/unicodenorm.go' - 00:00:01.341
Trace init() for './modules/graceful/server.go' - 00:00:01.347
Trace init() for './vendor/github.com/mailru/easyjson/buffer/pool.go' - 00:00:01.353
Trace init() for './modules/queue/manager.go' - 00:00:01.359
Trace init() for './modules/queue/queue_channel.go' - 00:00:01.365
Trace init() for './modules/queue/queue_disk.go' - 00:00:01.380
Trace init() for './modules/queue/queue_disk_channel.go' - 00:00:01.386
Trace init() for './modules/queue/queue_redis.go' - 00:00:01.404
Trace init() for './modules/queue/queue_wrapped.go' - 00:00:01.410
Trace init() for './modules/queue/unique_queue_channel.go' - 00:00:01.415
Trace init() for './modules/queue/unique_queue_disk.go' - 00:00:01.421
Trace init() for './modules/queue/unique_queue_disk_channel.go' - 00:00:01.429
Trace init() for './modules/queue/unique_queue_redis.go' - 00:00:01.438
Trace init() for './modules/queue/unique_queue_wrapped.go' - 00:00:01.444
Trace init() for './services/gitdiff/gitdiff.go' - 00:00:01.451
Trace init() for './vendor/gitea.com/macaron/session/file.go' - 00:00:01.457
Trace init() for './vendor/gitea.com/macaron/session/memory.go' - 00:00:01.463
Trace init() for './vendor/gitea.com/macaron/session/utils.go' - 00:00:01.471
Trace init() for './modules/validation/helpers.go' - 00:00:01.477
Trace init() for './modules/auth/auth.go' - 00:00:01.487
Trace init() for './modules/migrations/github.go' - 00:00:01.494
Trace init() for './modules/migrations/gitlab.go' - 00:00:01.507
Trace init() for './vendor/github.com/prometheus/client_model/go/metrics.pb.go' - 00:00:01.512
Trace init() for './vendor/github.com/prometheus/client_golang/prometheus/registry.go' - 00:00:01.519
Trace init() for './vendor/github.com/prometheus/client_golang/prometheus/promhttp/delegator.go' - 00:00:01.524
Trace init() for './routers/repo/setting.go' - 00:00:01.530
Trace init() for './vendor/github.com/couchbase/gomemcached/mc_constants.go' - 00:00:01.538
Trace init() for './vendor/github.com/couchbase/goutils/logging/logger.go' - 00:00:01.544
Trace init() for './vendor/github.com/couchbase/gomemcached/client/tap_feed.go' - 00:00:01.550
Trace init() for './vendor/gitea.com/macaron/session/couchbase/couchbase.go' - 00:00:01.558
Trace init() for './vendor/gitea.com/macaron/session/memcache/memcache.go' - 00:00:01.572
Trace init() for './vendor/gitea.com/macaron/session/mysql/mysql.go' - 00:00:01.582
Trace init() for './vendor/github.com/lunny/nodb/store/goleveldb/db.go' - 00:00:01.588
Trace init() for './vendor/github.com/lunny/nodb/store/store.go' - 00:00:01.595
Trace init() for './vendor/gitea.com/macaron/session/nodb/nodb.go' - 00:00:01.601
Trace init() for './vendor/gitea.com/macaron/session/postgres/postgres.go' - 00:00:01.606
Trace init() for './vendor/gitea.com/macaron/session/redis/redis.go' - 00:00:01.612
Trace init() for './modules/session/virtual.go' - 00:00:01.617
Trace init() for './vendor/github.com/klauspost/compress/flate/huffman_bit_writer.go' - 00:00:01.623
Trace init() for './vendor/gitea.com/macaron/toolbox/profile.go' - 00:00:01.631
Trace init() for './vendor/golang.org/x/crypto/acme/version_go112.go' - 00:00:01.636
Trace init() for './vendor/golang.org/x/text/secure/bidirule/bidirule.go' - 00:00:01.642
Trace init() for './vendor/golang.org/x/crypto/acme/autocert/autocert.go' - 00:00:01.648
Trace init() for './integrations/testlogger.go' - 00:00:01.654
Trace init() for 'traceinit.go' - 00:00:00.000
Trace init() for './build/lint.go' - 00:00:00.026
Trace init() for 'traceinit.go' - 00:00:00.000
Trace init() for './build/lint.go' - 00:00:00.029
Trace init() for 'traceinit.go' - 00:00:00.000
Trace init() for './vendor/golang.org/x/tools/go/analysis/unitchecker/unitchecker112.go' - 00:00:00.033
